<?xml version="1.0" encoding="UTF-8"?>
<!-- Generated by org.testng.reporters.JUnitReportReporter -->
<testsuite hostname="AnhMai-MBP.local" failures="0" tests="1" name="SearchTest" time="17.091" errors="0" timestamp="2022-11-07T16:22:22 ICT" skipped="0">
  <testcase classname="SearchTest" name="testWelcomeScreen" time="17.091"/>
</testsuite> <!-- SearchTest -->
